<?xml version="1.0" encoding="UTF-8" ?>
<testsuite tests="1" failures="0" name="test.GoodSideTest" time="0" errors="0" skipped="0">
  <properties>
    <property name="java.runtime.name" value="Java(TM) SE Runtime Environment"/>
    <property name="java.vm.version" value="10.0.2+13"/>
    <property name="sun.boot.library.path" value="F:\TangSiyi\Java\JDK\bin"/>
    <property name="maven.multiModuleProjectDirectory" value="F:\TangSiyi\Eclipse\workspace\CalabashGame"/>
    <property name="java.vm.vendor" value="&quot;Oracle Corporation&quot;"/>
    <property name="java.vendor.url" value="http://java.oracle.com/"/>
    <property name="guice.disable.misplaced.annotation.check" value="true"/>
    <property name="path.separator" value=";"/>
    <property name="java.vm.name" value="Java HotSpot(TM) 64-Bit Server VM"/>
    <property name="file.encoding.pkg" value="sun.io"/>
    <property name="sun.os.patch.level" value=""/>
    <property name="user.script" value=""/>
    <property name="user.country" value="CN"/>
    <property name="sun.java.launcher" value="SUN_STANDARD"/>
    <property name="java.vm.specification.name" value="Java Virtual Machine Specification"/>
    <property name="user.dir" value="F:\TangSiyi\Eclipse\workspace\CalabashGame"/>
    <property name="java.vm.compressedOopsMode" value="32-bit"/>
    <property name="java.runtime.version" value="10.0.2+13"/>
    <property name="java.awt.graphicsenv" value="sun.awt.Win32GraphicsEnvironment"/>
    <property name="os.arch" value="amd64"/>
    <property name="java.io.tmpdir" value="C:\Users\EVELYN~1\AppData\Local\Temp\"/>
    <property name="line.separator" value="
"/>
    <property name="java.vm.specification.vendor" value="Oracle Corporation"/>
    <property name="user.variant" value=""/>
    <property name="os.name" value="Windows 10"/>
    <property name="classworlds.conf" value="F:\TangSiyi\Eclipse\workspace\.metadata\.plugins\org.eclipse.m2e.launching\launches\m2conf13021458664862652937.tmp"/>
    <property name="sun.jnu.encoding" value="GBK"/>
    <property name="java.library.path" value="F:\TangSiyi\Java\JDK\bin;C:\Windows\Sun\Java\bin;C:\Windows\system32;C:\Windows;F:/TangSiyi/Java/JDK/bin/server;F:/TangSiyi/Java/JDK/bin;F:\TangSiyi\Java\JDK\bin;F:\TangSiyi\VisualStudio2017\Shared\Python36_64;F:\TangSiyi\VisualStudio2017\Shared\Python36_64\Scripts;C:\Windows\system32\config\systemprofile\.dnx\bin;C:\Program Files\Microsoft DNX\Dnvm\;C:\Program Files (x86)\Windows Kits\8.1\Windows Performance Toolkit\;C:\Program Files\Microsoft SQL Server\130\Tools\Binn\;F:\TangSiyi\Git\Git\cmd;C:\Program Files\Microsoft\Web Platform Installer\;F:\TangSiyi\Git\Git\usr\bin;C:\Program Files\MySQL\MySQL Server 8.0\bin;F:\TangSiyi\Tomcat\lib;F:\TangSiyi\Tomcat\bin;F:\TangSiyi\QTCreator\Qt5.11.2\5.11.2\msvc2015\bin;F:\TangSiyi\VisualStudio2015\VC\bin;F:\TangSiyi\Matlab\Matlab\runtime\win64;F:\TangSiyi\Matlab\Matlab\bin;F:\TangSiyi\Eclipse\Maven\apache-maven-3.6.0\bin;C:\Users\EvelynTown\AppData\Local\Microsoft\WindowsApps;;C:\Users\EvelynTown\Desktop;;."/>
    <property name="jdk.debug" value="release"/>
    <property name="java.class.version" value="54.0"/>
    <property name="java.specification.name" value="Java Platform API Specification"/>
    <property name="sun.management.compiler" value="HotSpot 64-Bit Tiered Compilers"/>
    <property name="os.version" value="10.0"/>
    <property name="user.home" value="C:\Users\EvelynTown"/>
    <property name="user.timezone" value="Asia/Shanghai"/>
    <property name="java.awt.printerjob" value="sun.awt.windows.WPrinterJob"/>
    <property name="file.encoding" value="GBK"/>
    <property name="java.specification.version" value="10"/>
    <property name="user.name" value="EvelynTown"/>
    <property name="java.class.path" value="C:\Users\EvelynTown\.p2\pool\plugins\org.eclipse.m2e.maven.runtime_1.9.0.20180606-2035\jars\plexus-classworlds-2.5.2.jar"/>
    <property name="java.vm.specification.version" value="10"/>
    <property name="sun.arch.data.model" value="64"/>
    <property name="sun.java.command" value="org.codehaus.plexus.classworlds.launcher.Launcher -B clean test package"/>
    <property name="java.home" value="F:\TangSiyi\Java\JDK"/>
    <property name="user.language" value="zh"/>
    <property name="java.specification.vendor" value="Oracle Corporation"/>
    <property name="awt.toolkit" value="sun.awt.windows.WToolkit"/>
    <property name="java.vm.info" value="mixed mode"/>
    <property name="java.version" value="10.0.2"/>
    <property name="java.vendor" value="Oracle Corporation"/>
    <property name="maven.home" value="F:\TangSiyi\Eclipse\workspace\CalabashGame\EMBEDDED"/>
    <property name="file.separator" value="\"/>
    <property name="java.version.date" value="2018-07-17"/>
    <property name="java.vendor.url.bug" value="http://bugreport.java.com/bugreport/"/>
    <property name="sun.io.unicode.encoding" value="UnicodeLittle"/>
    <property name="sun.cpu.endian" value="little"/>
    <property name="java.vendor.version" value="18.3"/>
    <property name="sun.desktop" value="windows"/>
    <property name="sun.cpu.isalist" value="amd64"/>
  </properties>
  <testcase classname="test.GoodSideTest" name="sortTest" time="0"/>
</testsuite>